<?xml version="1.0" encoding="UTF-8"?>
<!-- Generated by org.testng.reporters.JUnitReportReporter -->
<testsuite skipped="0" hostname="DESKTOP-TQEA3MJ" name="retrymachanisium.Testcase" tests="2" failures="0" timestamp="20 Nov 2018 12:40:27 GMT" time="0.009" errors="0">
  <testcase name="t1" time="0.007" classname="retrymachanisium.Testcase"/>
  <testcase name="t2" time="0.002" classname="retrymachanisium.Testcase"/>
</testsuite> <!-- retrymachanisium.Testcase -->
