<?xml version="1.0" encoding="UTF-8"?>
<!-- Generated by org.testng.reporters.JUnitReportReporter -->
<testsuite skipped="0" hostname="DESKTOP-TQEA3MJ" name="ParallelExectuionrelatedExample.PeralelExe" tests="2" failures="0" timestamp="20 Nov 2018 10:18:43 GMT" time="0.010" errors="0">
  <testcase name="test_1" time="0.008" classname="ParallelExectuionrelatedExample.PeralelExe"/>
  <testcase name="test_2" time="0.002" classname="ParallelExectuionrelatedExample.PeralelExe"/>
</testsuite> <!-- ParallelExectuionrelatedExample.PeralelExe -->
