<?xml version="1.0" encoding="UTF-8"?>
<!-- Generated by org.testng.reporters.JUnitReportReporter -->
<testsuite skipped="0" hostname="DESKTOP-TQEA3MJ" name="ParallelExectuionrelatedExample.perallel2" tests="1" failures="0" timestamp="20 Nov 2018 10:18:43 GMT" time="0.008" errors="0">
  <testcase name="test_4" time="0.008" classname="ParallelExectuionrelatedExample.perallel2"/>
</testsuite> <!-- ParallelExectuionrelatedExample.perallel2 -->
