<?xml version="1.0" encoding="UTF-8"?>
<!-- Generated by org.testng.reporters.JUnitReportReporter -->
<testsuite skipped="0" hostname="DESKTOP-TQEA3MJ" name="annotationExamples.OrderPreserve" tests="2" failures="0" timestamp="20 Nov 2018 10:10:14 GMT" time="0.002" errors="0">
  <testcase name="test_attributeTest1" time="0.001" classname="annotationExamples.OrderPreserve"/>
  <testcase name="test_attributeTest" time="0.001" classname="annotationExamples.OrderPreserve"/>
</testsuite> <!-- annotationExamples.OrderPreserve -->
