<?xml version="1.0" encoding="UTF-8"?>
<!-- Generated by org.testng.reporters.JUnitReportReporter -->
<testsuite skipped="0" hostname="DESKTOP-TQEA3MJ" name="annotationExamples.Testattributs" tests="2" failures="0" timestamp="20 Nov 2018 09:54:26 GMT" time="0.011" errors="0">
  <testcase name="test_attributeTest1" time="0.009" classname="annotationExamples.Testattributs"/>
  <testcase name="test_attributeTest" time="0.002" classname="annotationExamples.Testattributs"/>
</testsuite> <!-- annotationExamples.Testattributs -->
